<?xml version="1.0" encoding="UTF-8"?>
<!-- Generated by org.testng.reporters.JUnitReportReporter -->
<testsuite hostname="DESKTOP-313EV6M" failures="0" tests="8" name="tests.Tests" time="214.354" errors="0" timestamp="16 sep. 2022 01:47:30 GMT" skipped="0">
  <testcase classname="tests.Tests" name="CP005_checkThatProductAppearsonWantedList" time="39.174"/>
  <testcase classname="tests.Tests" name="CP003_logInSuccessfully" time="18.791"/>
  <testcase classname="tests.Tests" name="CP001_loginInvalidEmail" time="27.702"/>
  <testcase classname="tests.Tests" name="CP004_addProductToWishlist" time="27.448"/>
  <testcase classname="tests.Tests" name="CP002_loginEmail" time="17.946"/>
  <testcase classname="tests.Tests" name="CP008_emptyCartMessage" time="23.262"/>
  <testcase classname="tests.Tests" name="CP006_searchProductNotAddedToWishList" time="36.603"/>
  <testcase classname="tests.Tests" name="CP007_agregarProductoSinLogin" time="23.428"/>
</testsuite> <!-- tests.Tests -->
