<?xml version="1.0" encoding="UTF-8"?>
<!-- Generated by org.testng.reporters.JUnitReportReporter -->
<testsuite hostname="DESKTOP-313EV6M" failures="0" tests="1" name="tests.Tests" time="12.923" errors="0" timestamp="14 sep. 2022 20:18:19 GMT" skipped="0">
  <testcase classname="tests.Tests" name="CP001_loginInvalidEmail" time="12.923"/>
</testsuite> <!-- tests.Tests -->
