<?xml version="1.0" encoding="UTF-8"?>
<!-- Generated by org.testng.reporters.JUnitReportReporter -->
<testsuite hostname="DESKTOP-313EV6M" failures="0" tests="2" name="tests.Tests" time="54.932" errors="0" timestamp="14 sep. 2022 22:18:09 GMT" skipped="0">
  <testcase classname="tests.Tests" name="CP002_loginEmail" time="42.485"/>
  <testcase classname="tests.Tests" name="CP001_loginInvalidEmail" time="12.447"/>
</testsuite> <!-- tests.Tests -->
